app/build/outputs/logs/manifest-merger-debug-report.txt
-- Merging decision tree log ---
manifest
ADDED from src\main\AndroidManifest.xml:1:1-32:12
INJECTED from src\main\AndroidManifest.xml:1:1-32:12
INJECTED from src\main\AndroidManifest.xml:1:1-32:12
INJECTED from src\main\AndroidManifest.xml:1:1-32:12
MERGED from [com.facebook.react:react-native:0.58.1] AndroidManifest.xml:2:1-15:12
MERGED from [com.android.support:appcompat-v7:28.0.0] AndroidManifest.xml:17:1-22:12
MERGED from [:UDSDKV4.0.LL190118.20190118:] AndroidManifest.xml:2:1-52:12
MERGED from [com.android.support:support-v13:28.0.0] AndroidManifest.xml:17:1-22:12
MERGED from [com.android.support:support-v4:28.0.0] AndroidManifest.xml:17:1-22:12
MERGED from [com.android.support:support-fragment:28.0.0] AndroidManifest.xml:17:1-22:12
MERGED from [com.android.support:animated-vector-drawable:28.0.0] AndroidManifest.xml:17:1-22:12
MERGED from [com.android.support:support-core-ui:28.0.0] AndroidManifest.xml:17:1-22:12
MERGED from [com.android.support:support-core-utils:28.0.0] AndroidManifest.xml:17:1-22:12
MERGED from [com.android.support:support-vector-drawable:28.0.0] AndroidManifest.xml:17:1-22:12
MERGED from [com.android.support:loader:28.0.0] AndroidManifest.xml:17:1-22:12
MERGED from [com.android.support:support-media-compat:28.0.0] AndroidManifest.xml:17:1-22:12
MERGED from [com.android.support:viewpager:28.0.0] AndroidManifest.xml:17:1-22:12
MERGED from [com.android.support:coordinatorlayout:28.0.0] AndroidManifest.xml:17:1-22:12
MERGED from [com.android.support:drawerlayout:28.0.0] AndroidManifest.xml:17:1-22:12
MERGED from [com.android.support:slidingpanelayout:28.0.0] AndroidManifest.xml:17:1-22:12
MERGED from [com.android.support:customview:28.0.0] AndroidManifest.xml:17:1-22:12
MERGED from [com.android.support:swiperefreshlayout:28.0.0] AndroidManifest.xml:17:1-22:12
MERGED from [com.android.support:asynclayoutinflater:28.0.0] AndroidManifest.xml:17:1-22:12
MERGED from [com.android.support:support-compat:28.0.0] AndroidManifest.xml:17:1-24:12
MERGED from [com.android.support:versionedparcelable:28.0.0] AndroidManifest.xml:17:1-25:12
MERGED from [com.android.support:cursoradapter:28.0.0] AndroidManifest.xml:17:1-22:12
MERGED from [android.arch.lifecycle:runtime:1.1.1] AndroidManifest.xml:17:1-22:12
MERGED from [com.android.support:documentfile:28.0.0] AndroidManifest.xml:17:1-22:12
MERGED from [com.android.support:localbroadcastmanager:28.0.0] AndroidManifest.xml:17:1-22:12
MERGED from [com.android.support:print:28.0.0] AndroidManifest.xml:17:1-22:12
MERGED from [android.arch.lifecycle:viewmodel:1.1.1] AndroidManifest.xml:17:1-22:12
MERGED from [android.arch.lifecycle:livedata:1.1.1] AndroidManifest.xml:17:1-22:12
MERGED from [android.arch.lifecycle:livedata-core:1.1.1] AndroidManifest.xml:17:1-22:12
MERGED from [android.arch.core:runtime:1.1.1] AndroidManifest.xml:17:1-22:12
MERGED from [com.android.support:interpolator:28.0.0] AndroidManifest.xml:17:1-22:12
MERGED from [com.facebook.fresco:fresco:1.10.0] AndroidManifest.xml:2:1-9:12
MERGED from [com.facebook.fresco:imagepipeline-okhttp3:1.10.0] AndroidManifest.xml:2:1-9:12
MERGED from [com.facebook.fresco:drawee:1.10.0] AndroidManifest.xml:2:1-9:12
MERGED from [com.facebook.fresco:imagepipeline:1.10.0] AndroidManifest.xml:2:1-9:12
MERGED from [com.facebook.fresco:imagepipeline-base:1.10.0] AndroidManifest.xml:2:1-9:12
MERGED from [com.facebook.soloader:soloader:0.5.1] AndroidManifest.xml:2:1-13:12
MERGED from [org.webkit:android-jsc:r174650] AndroidManifest.xml:1:1-3:12
MERGED from [com.facebook.fresco:fbcore:1.10.0] AndroidManifest.xml:2:1-9:12
INJECTED from src\main\AndroidManifest.xml:1:1-32:12
INJECTED from src\main\AndroidManifest.xml:1:1-32:12
INJECTED from src\main\AndroidManifest.xml:1:1-32:12
	package
		ADDED from src\main\AndroidManifest.xml:3:5-33
		INJECTED from src\main\AndroidManifest.xml
		INJECTED from src\main\AndroidManifest.xml
	android:versionName
		INJECTED from src\main\AndroidManifest.xml
		ADDED from src\main\AndroidManifest.xml:1:1-32:12
		INJECTED from src\main\AndroidManifest.xml
	xmlns:tools
		ADDED from src\main\AndroidManifest.xml:2:5-51
	android:versionCode
		INJECTED from src\main\AndroidManifest.xml
		ADDED from src\main\AndroidManifest.xml:1:1-32:12
		INJECTED from src\main\AndroidManifest.xml
	xmlns:android
		ADDED from src\main\AndroidManifest.xml:1:11-69
uses-permission#android.permission.INTERNET
ADDED from src\main\AndroidManifest.xml:5:5-67
MERGED from [:UDSDKV4.0.LL190118.20190118:] AndroidManifest.xml:10:5-67
MERGED from [:UDSDKV4.0.LL190118.20190118:] AndroidManifest.xml:10:5-67
	android:name
		ADDED from src\main\AndroidManifest.xml:5:22-64
uses-permission#android.permission.SYSTEM_ALERT_WINDOW
ADDED from src\main\AndroidManifest.xml:6:5-78
MERGED from [com.facebook.react:react-native:0.58.1] AndroidManifest.xml:11:5-78
MERGED from [com.facebook.react:react-native:0.58.1] AndroidManifest.xml:11:5-78
	android:name
		ADDED from src\main\AndroidManifest.xml:6:22-75
uses-permission#android.permission.READ_CONTACTS
ADDED from src\main\AndroidManifest.xml:7:5-72
	android:name
		ADDED from src\main\AndroidManifest.xml:7:22-69
uses-permission#android.permission.GET_ACCOUNTS
ADDED from src\main\AndroidManifest.xml:8:5-71
	android:name
		ADDED from src\main\AndroidManifest.xml:8:22-68
application
ADDED from src\main\AndroidManifest.xml:10:5-30:19
MERGED from [com.facebook.react:react-native:0.58.1] AndroidManifest.xml:13:5-20
MERGED from [com.facebook.react:react-native:0.58.1] AndroidManifest.xml:13:5-20
MERGED from [:UDSDKV4.0.LL190118.20190118:] AndroidManifest.xml:32:5-50:19
MERGED from [:UDSDKV4.0.LL190118.20190118:] AndroidManifest.xml:32:5-50:19
MERGED from [com.android.support:support-compat:28.0.0] AndroidManifest.xml:22:5-94
MERGED from [com.android.support:support-compat:28.0.0] AndroidManifest.xml:22:5-94
MERGED from [com.android.support:versionedparcelable:28.0.0] AndroidManifest.xml:22:5-23:19
MERGED from [com.android.support:versionedparcelable:28.0.0] AndroidManifest.xml:22:5-23:19
MERGED from [com.facebook.soloader:soloader:0.5.1] AndroidManifest.xml:11:5-20
MERGED from [com.facebook.soloader:soloader:0.5.1] AndroidManifest.xml:11:5-20
MERGED from [org.webkit:android-jsc:r174650] AndroidManifest.xml:2:3-17
MERGED from [org.webkit:android-jsc:r174650] AndroidManifest.xml:2:3-17
	android:appComponentFactory
		ADDED from [com.android.support:support-compat:28.0.0] AndroidManifest.xml:22:18-91
	android:supportsRtl
		ADDED from src\main\AndroidManifest.xml:15:9-35
	android:label
		ADDED from src\main\AndroidManifest.xml:14:9-41
	android:roundIcon
		ADDED from src\main\AndroidManifest.xml:16:9-54
	android:icon
		ADDED from src\main\AndroidManifest.xml:13:9-43
	android:allowBackup
		ADDED from src\main\AndroidManifest.xml:12:9-36
	android:theme
		ADDED from src\main\AndroidManifest.xml:18:9-40
	tools:replace
		ADDED from src\main\AndroidManifest.xml:17:9-44
	android:name
		ADDED from src\main\AndroidManifest.xml:11:9-58
activity#com.xinyonghua.xyh.MainActivity
ADDED from src\main\AndroidManifest.xml:19:9-28:20
	android:label
		ADDED from src\main\AndroidManifest.xml:22:13-45
	android:windowSoftInputMode
		ADDED from src\main\AndroidManifest.xml:23:13-55
	android:configChanges
		ADDED from src\main\AndroidManifest.xml:21:13-83
	android:name
		ADDED from src\main\AndroidManifest.xml:20:13-59
intent-filter#action:name:android.intent.action.MAIN+category:name:android.intent.category.LAUNCHER
ADDED from src\main\AndroidManifest.xml:24:13-27:29
action#android.intent.action.MAIN
ADDED from src\main\AndroidManifest.xml:25:17-69
	android:name
		ADDED from src\main\AndroidManifest.xml:25:25-66
category#android.intent.category.LAUNCHER
ADDED from src\main\AndroidManifest.xml:26:17-77
	android:name
		ADDED from src\main\AndroidManifest.xml:26:27-74
activity#com.facebook.react.devsupport.DevSettingsActivity
ADDED from src\main\AndroidManifest.xml:29:9-86
	android:name
		ADDED from src\main\AndroidManifest.xml:29:19-83
uses-sdk
INJECTED from src\main\AndroidManifest.xml reason: use-sdk injection requested
INJECTED from src\main\AndroidManifest.xml
INJECTED from src\main\AndroidManifest.xml
MERGED from [com.facebook.react:react-native:0.58.1] AndroidManifest.xml:7:5-9:41
MERGED from [com.facebook.react:react-native:0.58.1] AndroidManifest.xml:7:5-9:41
MERGED from [com.android.support:appcompat-v7:28.0.0] AndroidManifest.xml:20:5-44
MERGED from [com.android.support:appcompat-v7:28.0.0] AndroidManifest.xml:20:5-44
MERGED from [:UDSDKV4.0.LL190118.20190118:] AndroidManifest.xml:6:5-8:41
MERGED from [:UDSDKV4.0.LL190118.20190118:] AndroidManifest.xml:6:5-8:41
MERGED from [com.android.support:support-v13:28.0.0] AndroidManifest.xml:20:5-44
MERGED from [com.android.support:support-v13:28.0.0] AndroidManifest.xml:20:5-44
MERGED from [com.android.support:support-v4:28.0.0] AndroidManifest.xml:20:5-44
MERGED from [com.android.support:support-v4:28.0.0] AndroidManifest.xml:20:5-44
MERGED from [com.android.support:support-fragment:28.0.0] AndroidManifest.xml:20:5-44
MERGED from [com.android.support:support-fragment:28.0.0] AndroidManifest.xml:20:5-44
MERGED from [com.android.support:animated-vector-drawable:28.0.0] AndroidManifest.xml:20:5-44
MERGED from [com.android.support:animated-vector-drawable:28.0.0] AndroidManifest.xml:20:5-44
MERGED from [com.android.support:support-core-ui:28.0.0] AndroidManifest.xml:20:5-44
MERGED from [com.android.support:support-core-ui:28.0.0] AndroidManifest.xml:20:5-44
MERGED from [com.android.support:support-core-utils:28.0.0] AndroidManifest.xml:20:5-44
MERGED from [com.android.support:support-core-utils:28.0.0] AndroidManifest.xml:20:5-44
MERGED from [com.android.support:support-vector-drawable:28.0.0] AndroidManifest.xml:20:5-44
MERGED from [com.android.support:support-vector-drawable:28.0.0] AndroidManifest.xml:20:5-44
MERGED from [com.android.support:loader:28.0.0] AndroidManifest.xml:20:5-44
MERGED from [com.android.support:loader:28.0.0] AndroidManifest.xml:20:5-44
MERGED from [com.android.support:support-media-compat:28.0.0] AndroidManifest.xml:20:5-44
MERGED from [com.android.support:support-media-compat:28.0.0] AndroidManifest.xml:20:5-44
MERGED from [com.android.support:viewpager:28.0.0] AndroidManifest.xml:20:5-44
MERGED from [com.android.support:viewpager:28.0.0] AndroidManifest.xml:20:5-44
MERGED from [com.android.support:coordinatorlayout:28.0.0] AndroidManifest.xml:20:5-44
MERGED from [com.android.support:coordinatorlayout:28.0.0] AndroidManifest.xml:20:5-44
MERGED from [com.android.support:drawerlayout:28.0.0] AndroidManifest.xml:20:5-44
MERGED from [com.android.support:drawerlayout:28.0.0] AndroidManifest.xml:20:5-44
MERGED from [com.android.support:slidingpanelayout:28.0.0] AndroidManifest.xml:20:5-44
MERGED from [com.android.support:slidingpanelayout:28.0.0] AndroidManifest.xml:20:5-44
MERGED from [com.android.support:customview:28.0.0] AndroidManifest.xml:20:5-44
MERGED from [com.android.support:customview:28.0.0] AndroidManifest.xml:20:5-44
MERGED from [com.android.support:swiperefreshlayout:28.0.0] AndroidManifest.xml:20:5-44
MERGED from [com.android.support:swiperefreshlayout:28.0.0] AndroidManifest.xml:20:5-44
MERGED from [com.android.support:asynclayoutinflater:28.0.0] AndroidManifest.xml:20:5-44
MERGED from [com.android.support:asynclayoutinflater:28.0.0] AndroidManifest.xml:20:5-44
MERGED from [com.android.support:support-compat:28.0.0] AndroidManifest.xml:20:5-44
MERGED from [com.android.support:support-compat:28.0.0] AndroidManifest.xml:20:5-44
MERGED from [com.android.support:versionedparcelable:28.0.0] AndroidManifest.xml:20:5-44
MERGED from [com.android.support:versionedparcelable:28.0.0] AndroidManifest.xml:20:5-44
MERGED from [com.android.support:cursoradapter:28.0.0] AndroidManifest.xml:20:5-44
MERGED from [com.android.support:cursoradapter:28.0.0] AndroidManifest.xml:20:5-44
MERGED from [android.arch.lifecycle:runtime:1.1.1] AndroidManifest.xml:20:5-44
MERGED from [android.arch.lifecycle:runtime:1.1.1] AndroidManifest.xml:20:5-44
MERGED from [com.android.support:documentfile:28.0.0] AndroidManifest.xml:20:5-44
MERGED from [com.android.support:documentfile:28.0.0] AndroidManifest.xml:20:5-44
MERGED from [com.android.support:localbroadcastmanager:28.0.0] AndroidManifest.xml:20:5-44
MERGED from [com.android.support:localbroadcastmanager:28.0.0] AndroidManifest.xml:20:5-44
MERGED from [com.android.support:print:28.0.0] AndroidManifest.xml:20:5-44
MERGED from [com.android.support:print:28.0.0] AndroidManifest.xml:20:5-44
MERGED from [android.arch.lifecycle:viewmodel:1.1.1] AndroidManifest.xml:20:5-44
MERGED from [android.arch.lifecycle:viewmodel:1.1.1] AndroidManifest.xml:20:5-44
MERGED from [android.arch.lifecycle:livedata:1.1.1] AndroidManifest.xml:20:5-44
MERGED from [android.arch.lifecycle:livedata:1.1.1] AndroidManifest.xml:20:5-44
MERGED from [android.arch.lifecycle:livedata-core:1.1.1] AndroidManifest.xml:20:5-44
MERGED from [android.arch.lifecycle:livedata-core:1.1.1] AndroidManifest.xml:20:5-44
MERGED from [android.arch.core:runtime:1.1.1] AndroidManifest.xml:20:5-44
MERGED from [android.arch.core:runtime:1.1.1] AndroidManifest.xml:20:5-44
MERGED from [com.android.support:interpolator:28.0.0] AndroidManifest.xml:20:5-44
MERGED from [com.android.support:interpolator:28.0.0] AndroidManifest.xml:20:5-44
MERGED from [com.facebook.fresco:fresco:1.10.0] AndroidManifest.xml:5:5-7:41
MERGED from [com.facebook.fresco:fresco:1.10.0] AndroidManifest.xml:5:5-7:41
MERGED from [com.facebook.fresco:imagepipeline-okhttp3:1.10.0] AndroidManifest.xml:5:5-7:41
MERGED from [com.facebook.fresco:imagepipeline-okhttp3:1.10.0] AndroidManifest.xml:5:5-7:41
MERGED from [com.facebook.fresco:drawee:1.10.0] AndroidManifest.xml:5:5-7:41
MERGED from [com.facebook.fresco:drawee:1.10.0] AndroidManifest.xml:5:5-7:41
MERGED from [com.facebook.fresco:imagepipeline:1.10.0] AndroidManifest.xml:5:5-7:41
MERGED from [com.facebook.fresco:imagepipeline:1.10.0] AndroidManifest.xml:5:5-7:41
MERGED from [com.facebook.fresco:imagepipeline-base:1.10.0] AndroidManifest.xml:5:5-7:41
MERGED from [com.facebook.fresco:imagepipeline-base:1.10.0] AndroidManifest.xml:5:5-7:41
MERGED from [com.facebook.soloader:soloader:0.5.1] AndroidManifest.xml:7:5-9:41
MERGED from [com.facebook.soloader:soloader:0.5.1] AndroidManifest.xml:7:5-9:41
MERGED from [com.facebook.fresco:fbcore:1.10.0] AndroidManifest.xml:5:5-7:41
MERGED from [com.facebook.fresco:fbcore:1.10.0] AndroidManifest.xml:5:5-7:41
INJECTED from src\main\AndroidManifest.xml
INJECTED from src\main\AndroidManifest.xml
	android:targetSdkVersion
		INJECTED from src\main\AndroidManifest.xml
		ADDED from src\main\AndroidManifest.xml
		INJECTED from src\main\AndroidManifest.xml
	android:minSdkVersion
		INJECTED from src\main\AndroidManifest.xml
		ADDED from src\main\AndroidManifest.xml
		INJECTED from src\main\AndroidManifest.xml
uses-permission#android.permission.ACCESS_NETWORK_STATE
ADDED from [:UDSDKV4.0.LL190118.20190118:] AndroidManifest.xml:11:5-79
	android:name
		ADDED from [:UDSDKV4.0.LL190118.20190118:] AndroidManifest.xml:11:22-76
uses-permission#android.permission.ACCESS_WIFI_STATE
ADDED from [:UDSDKV4.0.LL190118.20190118:] AndroidManifest.xml:12:5-76
	android:name
		ADDED from [:UDSDKV4.0.LL190118.20190118:] AndroidManifest.xml:12:22-73
uses-permission#android.permission.CHANGE_WIFI_STATE
ADDED from [:UDSDKV4.0.LL190118.20190118:] AndroidManifest.xml:13:5-76
	android:name
		ADDED from [:UDSDKV4.0.LL190118.20190118:] AndroidManifest.xml:13:22-73
uses-permission#android.permission.READ_PHONE_STATE
ADDED from [:UDSDKV4.0.LL190118.20190118:] AndroidManifest.xml:14:5-75
	android:name
		ADDED from [:UDSDKV4.0.LL190118.20190118:] AndroidManifest.xml:14:22-72
uses-permission#android.permission.WRITE_EXTERNAL_STORAGE
ADDED from [:UDSDKV4.0.LL190118.20190118:] AndroidManifest.xml:15:5-81
	android:name
		ADDED from [:UDSDKV4.0.LL190118.20190118:] AndroidManifest.xml:15:22-78
uses-permission#android.permission.WRITE_SETTINGS
ADDED from [:UDSDKV4.0.LL190118.20190118:] AndroidManifest.xml:16:5-73
	android:name
		ADDED from [:UDSDKV4.0.LL190118.20190118:] AndroidManifest.xml:16:22-70
uses-permission#android.permission.READ_EXTERNAL_STORAGE
ADDED from [:UDSDKV4.0.LL190118.20190118:] AndroidManifest.xml:17:5-80
	android:name
		ADDED from [:UDSDKV4.0.LL190118.20190118:] AndroidManifest.xml:17:22-77
uses-permission#android.permission.CAMERA
ADDED from [:UDSDKV4.0.LL190118.20190118:] AndroidManifest.xml:18:5-65
	android:name
		ADDED from [:UDSDKV4.0.LL190118.20190118:] AndroidManifest.xml:18:22-62
uses-permission#android.permission.RECORD_AUDIO
ADDED from [:UDSDKV4.0.LL190118.20190118:] AndroidManifest.xml:19:5-71
	android:name
		ADDED from [:UDSDKV4.0.LL190118.20190118:] AndroidManifest.xml:19:22-68
uses-permission#android.permission.VIBRATE
ADDED from [:UDSDKV4.0.LL190118.20190118:] AndroidManifest.xml:20:5-66
	android:name
		ADDED from [:UDSDKV4.0.LL190118.20190118:] AndroidManifest.xml:20:22-63
uses-permission#android.permission.FLASHLIGHT
ADDED from [:UDSDKV4.0.LL190118.20190118:] AndroidManifest.xml:21:5-69
	android:name
		ADDED from [:UDSDKV4.0.LL190118.20190118:] AndroidManifest.xml:21:22-66
uses-permission#android.permission.ACCESS_FINE_LOCATION
ADDED from [:UDSDKV4.0.LL190118.20190118:] AndroidManifest.xml:24:5-79
	android:name
		ADDED from [:UDSDKV4.0.LL190118.20190118:] AndroidManifest.xml:24:22-76
uses-permission#android.permission.BATTERY_STATS
ADDED from [:UDSDKV4.0.LL190118.20190118:] AndroidManifest.xml:25:5-72
	android:name
		ADDED from [:UDSDKV4.0.LL190118.20190118:] AndroidManifest.xml:25:22-69
uses-permission#android.permission.BLUETOOTH
ADDED from [:UDSDKV4.0.LL190118.20190118:] AndroidManifest.xml:26:5-68
	android:name
		ADDED from [:UDSDKV4.0.LL190118.20190118:] AndroidManifest.xml:26:22-65
uses-feature#android.hardware.camera
ADDED from [:UDSDKV4.0.LL190118.20190118:] AndroidManifest.xml:29:5-60
	android:name
		ADDED from [:UDSDKV4.0.LL190118.20190118:] AndroidManifest.xml:29:19-57
uses-feature#android.hardware.camera.autofocus
ADDED from [:UDSDKV4.0.LL190118.20190118:] AndroidManifest.xml:30:5-70
	android:name
		ADDED from [:UDSDKV4.0.LL190118.20190118:] AndroidManifest.xml:30:19-67
activity#com.authreal.ui.SuperActivity
ADDED from [:UDSDKV4.0.LL190118.20190118:] AndroidManifest.xml:33:9-39:55
	android:screenOrientation
		ADDED from [:UDSDKV4.0.LL190118.20190118:] AndroidManifest.xml:37:13-49
	android:label
		ADDED from [:UDSDKV4.0.LL190118.20190118:] AndroidManifest.xml:35:13-52
	android:launchMode
		ADDED from [:UDSDKV4.0.LL190118.20190118:] AndroidManifest.xml:36:13-44
	android:windowSoftInputMode
		ADDED from [:UDSDKV4.0.LL190118.20190118:] AndroidManifest.xml:39:13-52
	android:theme
		ADDED from [:UDSDKV4.0.LL190118.20190118:] AndroidManifest.xml:38:13-49
	android:name
		ADDED from [:UDSDKV4.0.LL190118.20190118:] AndroidManifest.xml:34:13-57
activity#com.authreal.ui.WebActivity
ADDED from [:UDSDKV4.0.LL190118.20190118:] AndroidManifest.xml:40:9-45:52
	android:screenOrientation
		ADDED from [:UDSDKV4.0.LL190118.20190118:] AndroidManifest.xml:44:13-49
	android:label
		ADDED from [:UDSDKV4.0.LL190118.20190118:] AndroidManifest.xml:42:13-52
	android:launchMode
		ADDED from [:UDSDKV4.0.LL190118.20190118:] AndroidManifest.xml:43:13-44
	android:theme
		ADDED from [:UDSDKV4.0.LL190118.20190118:] AndroidManifest.xml:45:13-49
	android:name
		ADDED from [:UDSDKV4.0.LL190118.20190118:] AndroidManifest.xml:41:13-55
activity#com.authreal.ui.CameraPortraitActivity
ADDED from [:UDSDKV4.0.LL190118.20190118:] AndroidManifest.xml:46:9-49:52
	android:screenOrientation
		ADDED from [:UDSDKV4.0.LL190118.20190118:] AndroidManifest.xml:48:13-49
	android:theme
		ADDED from [:UDSDKV4.0.LL190118.20190118:] AndroidManifest.xml:49:13-49
	android:name
		ADDED from [:UDSDKV4.0.LL190118.20190118:] AndroidManifest.xml:47:13-66